<?xml version="1.0" encoding="UTF-8"?>
<!-- Generated by org.testng.reporters.JUnitXMLReporter -->
<testsuite ignored="0" hostname="LIN-HN8Q6Q3" failures="0" tests="5" name="Default test" time="17.372" errors="0" timestamp="2025-05-23T13:11:51 IST">
  <testcase classname="testCases.TC_006_RegistrationWithInvalidFields" name="testInvalidFirstName" time="2.885"/>
  <testcase classname="testCases.TC_006_RegistrationWithInvalidFields" name="testInvalidLastName" time="1.505"/>
  <testcase classname="testCases.TC_006_RegistrationWithInvalidFields" name="testInvalidEmail" time="1.636"/>
  <testcase classname="testCases.TC_006_RegistrationWithInvalidFields" name="testInvalidPassword" time="1.365"/>
  <testcase classname="testCases.TC_006_RegistrationWithInvalidFields" name="testInvalidPhoneNumber" time="1.598"/>
</testsuite> <!-- Default test -->
