<?xml version="1.0" encoding="UTF-8"?>
<!-- Generated by org.testng.reporters.JUnitXMLReporter -->
<testsuite ignored="0" hostname="LIN-HN8Q6Q3" failures="0" tests="5" name="chromeTest" time="17.424" errors="0" timestamp="2025-05-23T15:02:25 IST">
  <testcase classname="testCases.TC_006_RegistrationWithInvalidFields" name="testInvalidFirstName" time="2.246"/>
  <testcase classname="testCases.TC_006_RegistrationWithInvalidFields" name="testInvalidLastName" time="1.904"/>
  <testcase classname="testCases.TC_006_RegistrationWithInvalidFields" name="testInvalidEmail" time="1.446"/>
  <testcase classname="testCases.TC_006_RegistrationWithInvalidFields" name="testInvalidPassword" time="1.436"/>
  <testcase classname="testCases.TC_006_RegistrationWithInvalidFields" name="testInvalidPhoneNumber" time="1.398"/>
</testsuite> <!-- chromeTest -->
