<?xml version="1.0" encoding="UTF-8"?>
<testng-results ignored="0" total="1" passed="1" failed="0" skipped="0">
  <reporter-output>
  </reporter-output>
  <suite started-at="2025-06-12T13:19:32 IST" name="Default suite" finished-at="2025-06-12T13:19:49 IST" duration-ms="16912">
    <groups>
      <group name="Master">
        <method signature="TC_009_AddToCartPageTest.verify_addToCart()[pri:0, instance:testCases.TC_009_AddToCartPageTest@1e800aaa]" name="verify_addToCart" class="testCases.TC_009_AddToCartPageTest"/>
      </group> <!-- Master -->
    </groups>
    <test started-at="2025-06-12T13:19:32 IST" name="Default test" finished-at="2025-06-12T13:19:49 IST" duration-ms="16912">
      <class name="testCases.TC_009_AddToCartPageTest">
        <test-method is-config="true" signature="setup()[pri:0, instance:testCases.TC_009_AddToCartPageTest@1e800aaa]" started-at="2025-06-12T13:19:32 IST" name="setup" finished-at="2025-06-12T13:19:38 IST" duration-ms="5992" status="PASS">
          <reporter-output>
          </reporter-output>
        </test-method> <!-- setup -->
        <test-method signature="verify_addToCart()[pri:0, instance:testCases.TC_009_AddToCartPageTest@1e800aaa]" started-at="2025-06-12T13:19:38 IST" name="verify_addToCart" finished-at="2025-06-12T13:19:45 IST" duration-ms="6944" status="PASS">
          <reporter-output>
          </reporter-output>
        </test-method> <!-- verify_addToCart -->
        <test-method is-config="true" signature="tearDown()[pri:0, instance:testCases.TC_009_AddToCartPageTest@1e800aaa]" started-at="2025-06-12T13:19:45 IST" name="tearDown" finished-at="2025-06-12T13:19:49 IST" duration-ms="3893" status="PASS">
          <reporter-output>
          </reporter-output>
        </test-method> <!-- tearDown -->
      </class> <!-- testCases.TC_009_AddToCartPageTest -->
    </test> <!-- Default test -->
  </suite> <!-- Default suite -->
</testng-results>
